Notebook: 00_DTheta_Domain_SdS_Shape_Derivative.nb
m0 = 1
h0 = 1/100
z20 = 1/20
dm = 1/1000000
bounds0 = {2.1062467252900292955597151054169170352643898587230958813713`40., 96.3977503817660909189830115734179901143194980679461221561627`40.}
rin0 = 2.1062467252900292955597151054169170352643898587230958813713`40.
rout0 = 96.3977503817660909189830115734179901143194980679461221561627`40.
drdMImplicit = rr/(mm - hh^2*rr^3)
drdMClosed = rr/(mm - hh^2*rr^3)
checkA(bounds) = True
checkB(implicit derivative closed form) = True
maxIndicatorDiff = 0
checkC(domain indicator uniqueness) = True
checkRootsPerturbed = True
dRinPred = 2.1082166197629711955727136748848102891061465839868748431026`39.998783167707735
dRinNum = 2.1082166197629721916000348089034976283862324141817273168627`34.00040598970345
errIn = 9.960273211340186873392800858301948524737602`18.67476157241834*^-16
checkD(inner boundary derivative) = True
dRoutPred = -1.0882826393227783334825329682918628411548765792987894156672`39.39427826265775
dRoutNum = -1.0882826393227789016912631964000878264781780980120182557201`32.05267480224209
errOut = 5.682087302281082249853233015187132288400529`16.77044098340326*^-16
checkE(outer boundary derivative) = True
dI0Num = -1015.4212646362402639688689996847723128285944060402131606940542`32.053963723910364
dI0Pred = -1015.4212646362397670632166836491231643795850248704126795403476`39.220512621073425
errI0 = 4.969056523160356491484490093811698004811537066`16.74359137717625*^-13
checkF(shape derivative on I0) = True
rinPlus - rin0 = 2.1082166227233435934621609639991675051934884607249847`33.69937577729904*^-6
routPlus - rout0 = -1.0882826579600903011713961281002198160657114577119456`31.751644816467063*^-6
checkG(mass increase deforms boundaries with expected signs) = True
ratioScales = rout0/rin0 = 45.76754908354440807440920400169870798182`30.
checkH(cosmological scale dominates local scale) = True
check = True
