Notebook: 02_IR_Robustness_BH_Weight_On_Q.nb
m0 = 1
h0 = 1/100
roots = {2.0008009615388216027636345889088526375530714636437958135679`40., 98.9845863754293001836448446111994308703335694781763102673993`40.}
rs = 2.0008009615388216027636345889088526375530714636437958135679`40.
rc = 98.9845863754293001836448446111994308703335694781763102673993`40.
k2bg = 0.0003`50.
rMatch = 12.0048057692329296165818075334531158253184287818627748814073`40.
reps0 = 0.0020008009615388216027636345889088526375530714636437958136`40.
volRatio=(rs/rc)^3 = 8.2586477785352860884086605204861732948699062571916243`39.221848749616356*^-6
deltaI1 num-vs-ana err p=2 = 0``39.963778846314696
qShiftP2 = 4.45892652210902313669633636936882797279356639412576`39.22182461878639*^-8
fracP2=qShiftP2/k2bg = 0.0001486308840703007712232112123122942657597855464708586883`39.22182461877915
coeffP2=fracP2/volRatio = 17.9970000000001486308840703007712232112123122942657643833144`38.92080668836618
qScaleValsP2(Rc*{1,2,4}) = {4.45892652210902313669633636936882797279356639412576`39.22182461878639*^-8, 5.5736581526362386438508399500644609005622425345455`39.2218246187864*^-9, 6.967072690795292011529240482686960852422600388388858216810243626686`39.2218246187864*^-10}
scaleRatiosP2 = {8.0000000000000578105344497474800557025329880568906283495753`38.92079462312241, 8.0000000000000072263168062183827873082327888817075190122912`38.92079462312242}
epsList = {0.0200080096153882160276363458890885263755307146364379581357`40., 0.0002000800961538821602763634588908852637553071463643795813`40., 2.0008009615388216027636345889088526375530714636437958`40.*^-6}
qEpsP2 = {4.45223701744514218761474477789647104575746725576955`39.2216071393173*^-8, 4.45959547257904770699610924589882089481131855283997`39.221846336828484*^-8, 4.45966905713075441956496555511903841093300063313514`39.22184872548165*^-8}
qShiftP3 = 6.46616053346774891829067540406695575537565091663447`39.20551907217788*^-8
fracP3 = 0.0002155386844489249639430225134688985251791883638878158036`39.20551907217091
qEpsP4 = {7.420395029075236979357907963160785076262445426282578`39.096728792683564*^-7, 0.0000743265912096507951166018207649803482468553092139994548`39.0969082034159, 0.0074327817618845906992749425918650640182216677218918984828`39.09690999490702}
qEpsRatiosP4 = {100.1652754582712685933994481305975881562252689675402497015244`38.795788493121236, 100.0016500275004575150947705680840442135987469877307104772527`38.79587910349656}
fracP4Small = 24.7759392062819689975831419728835467274055590729729949426198`39.096909994901594
checkA(two horizons) = True
checkB(analytic vs numeric p=2) = True
checkC(IR scaling in Rc) = True
checkD(integrable p=2 finite-core monotonicity) = True
checkE(integrable p=2 near-cutoff stability) = True
checkF(marginal p=3 still small here) = True
checkG(non-integrable p=4 growth) = True
checkH(non-integrable p=4 strong cutoff sensitivity) = True
checkI(non-integrable p=4 can reach O(1) relative shift) = True
checkJ(integrable branch remains volume-suppressed) = True
regime = "IR_robust_except_nonintegrable_core"
check = True
