This is pdfTeX, Version 3.141592653-2.6-1.40.25 (MiKTeX 24.1) (preloaded format=pdflatex 2025.10.1)  18 FEB 2026 02:23
entering extended mode
 restricted \write18 enabled.
 %&-line parsing enabled.
**./main.tex
(main.tex
LaTeX2e <2023-11-01> patch level 1
L3 programming layer <2024-01-04>
(C:\Users\mspin\AppData\Local\Programs\MiKTeX\tex/latex/base\article.cls
Document Class: article 2023/05/17 v1.4n Standard LaTeX document class
(C:\Users\mspin\AppData\Local\Programs\MiKTeX\tex/latex/base\size11.clo
File: size11.clo 2023/05/17 v1.4n Standard LaTeX file (size option)
)
\c@part=\count187
\c@section=\count188
\c@subsection=\count189
\c@subsubsection=\count190
\c@paragraph=\count191
\c@subparagraph=\count192
\c@figure=\count193
\c@table=\count194
\abovecaptionskip=\skip48
\belowcaptionskip=\skip49
\bibindent=\dimen140
)
(C:\Users\mspin\AppData\Local\Programs\MiKTeX\tex/latex/amsmath\amsmath.sty
Package: amsmath 2025/06/16 v2.17y AMS math features
\@mathmargin=\skip50

For additional information on amsmath, use the `?' option.
(C:\Users\mspin\AppData\Local\Programs\MiKTeX\tex/latex/amsmath\amstext.sty
Package: amstext 2024/11/17 v2.01 AMS text

(C:\Users\mspin\AppData\Local\Programs\MiKTeX\tex/latex/amsmath\amsgen.sty
File: amsgen.sty 1999/11/30 v2.0 generic functions
\@emptytoks=\toks17
\ex@=\dimen141
))
(C:\Users\mspin\AppData\Local\Programs\MiKTeX\tex/latex/amsmath\amsbsy.sty
Package: amsbsy 1999/11/29 v1.2d Bold Symbols
\pmbraise@=\dimen142
)
(C:\Users\mspin\AppData\Local\Programs\MiKTeX\tex/latex/amsmath\amsopn.sty
Package: amsopn 2022/04/08 v2.04 operator names
)
\inf@bad=\count195
LaTeX Info: Redefining \frac on input line 233.
\uproot@=\count196
\leftroot@=\count197
LaTeX Info: Redefining \overline on input line 398.
LaTeX Info: Redefining \colon on input line 409.
\classnum@=\count198
\DOTSCASE@=\count199
LaTeX Info: Redefining \ldots on input line 495.
LaTeX Info: Redefining \dots on input line 498.
LaTeX Info: Redefining \cdots on input line 619.
\Mathstrutbox@=\box51
\strutbox@=\box52
LaTeX Info: Redefining \big on input line 721.
LaTeX Info: Redefining \Big on input line 722.
LaTeX Info: Redefining \bigg on input line 723.
LaTeX Info: Redefining \Bigg on input line 724.
\big@size=\dimen143
LaTeX Font Info:    Redeclaring font encoding OML on input line 742.
LaTeX Font Info:    Redeclaring font encoding OMS on input line 743.
\macc@depth=\count266
LaTeX Info: Redefining \bmod on input line 904.
LaTeX Info: Redefining \pmod on input line 909.
LaTeX Info: Redefining \smash on input line 939.
LaTeX Info: Redefining \relbar on input line 969.
LaTeX Info: Redefining \Relbar on input line 970.
\c@MaxMatrixCols=\count267
\dotsspace@=\muskip16
\c@parentequation=\count268
\dspbrk@lvl=\count269
\tag@help=\toks18
\row@=\count270
\column@=\count271
\maxfields@=\count272
\andhelp@=\toks19
\eqnshift@=\dimen144
\alignsep@=\dimen145
\tagshift@=\dimen146
\tagwidth@=\dimen147
\totwidth@=\dimen148
\lineht@=\dimen149
\@envbody=\toks20
\multlinegap=\skip51
\multlinetaggap=\skip52
\mathdisplay@stack=\toks21
LaTeX Info: Redefining \[ on input line 2949.
LaTeX Info: Redefining \] on input line 2950.
)
(C:\Users\mspin\AppData\Local\Programs\MiKTeX\tex/latex/amsfonts\amssymb.sty
Package: amssymb 2013/01/14 v3.01 AMS font symbols

(C:\Users\mspin\AppData\Local\Programs\MiKTeX\tex/latex/amsfonts\amsfonts.sty
Package: amsfonts 2013/01/14 v3.01 Basic AMSFonts support
\symAMSa=\mathgroup4
\symAMSb=\mathgroup5
LaTeX Font Info:    Redeclaring math symbol \hbar on input line 98.
LaTeX Font Info:    Overwriting math alphabet `\mathfrak' in version `bold'
(Font)                  U/euf/m/n --> U/euf/b/n on input line 106.
)) (C:\Users\mspin\AppData\Local\Programs\MiKTeX\tex/latex/amscls\amsthm.sty
Package: amsthm 2020/05/29 v2.20.6
\thm@style=\toks22
\thm@bodyfont=\toks23
\thm@headfont=\toks24
\thm@notefont=\toks25
\thm@headpunct=\toks26
\thm@preskip=\skip53
\thm@postskip=\skip54
\thm@headsep=\skip55
\dth@everypar=\toks27
)
(C:\Users\mspin\AppData\Local\Programs\MiKTeX\tex/latex/graphics\graphicx.sty
Package: graphicx 2021/09/16 v1.2d Enhanced LaTeX Graphics (DPC,SPQR)

(C:\Users\mspin\AppData\Local\Programs\MiKTeX\tex/latex/graphics\keyval.sty
Package: keyval 2022/05/29 v1.15 key=value parser (DPC)
\KV@toks@=\toks28
)
(C:\Users\mspin\AppData\Local\Programs\MiKTeX\tex/latex/graphics\graphics.sty
Package: graphics 2022/03/10 v1.4e Standard LaTeX Graphics (DPC,SPQR)

(C:\Users\mspin\AppData\Local\Programs\MiKTeX\tex/latex/graphics\trig.sty
Package: trig 2021/08/11 v1.11 sin cos tan (DPC)
)
(C:\Users\mspin\AppData\Local\Programs\MiKTeX\tex/latex/graphics-cfg\graphics.c
fg
File: graphics.cfg 2016/06/04 v1.11 sample graphics configuration
)
Package graphics Info: Driver file: pdftex.def on input line 107.

(C:\Users\mspin\AppData\Local\Programs\MiKTeX\tex/latex/graphics-def\pdftex.def
File: pdftex.def 2022/09/22 v1.2b Graphics/color driver for pdftex
))
\Gin@req@height=\dimen150
\Gin@req@width=\dimen151
)
\c@lemma=\count273

(C:\Users\mspin\AppData\Local\Programs\MiKTeX\tex/latex/hyperref\hyperref.sty
Package: hyperref 2023-11-26 v7.01g Hypertext links for LaTeX

(C:\Users\mspin\AppData\Local\Programs\MiKTeX\tex/generic/iftex\iftex.sty
Package: iftex 2022/02/03 v1.0f TeX engine tests
)
(C:\Users\mspin\AppData\Local\Programs\MiKTeX\tex/generic/infwarerr\infwarerr.s
ty
Package: infwarerr 2019/12/03 v1.5 Providing info/warning/error messages (HO)
)
(C:\Users\mspin\AppData\Local\Programs\MiKTeX\tex/latex/kvsetkeys\kvsetkeys.sty
Package: kvsetkeys 2022-10-05 v1.19 Key value parser (HO)
)
(C:\Users\mspin\AppData\Local\Programs\MiKTeX\tex/generic/kvdefinekeys\kvdefine
keys.sty
Package: kvdefinekeys 2019-12-19 v1.6 Define keys (HO)
)
(C:\Users\mspin\AppData\Local\Programs\MiKTeX\tex/generic/pdfescape\pdfescape.s
ty
Package: pdfescape 2019/12/09 v1.15 Implements pdfTeX's escape features (HO)

(C:\Users\mspin\AppData\Local\Programs\MiKTeX\tex/generic/ltxcmds\ltxcmds.sty
Package: ltxcmds 2023-12-04 v1.26 LaTeX kernel commands for general use (HO)
)
(C:\Users\mspin\AppData\Local\Programs\MiKTeX\tex/generic/pdftexcmds\pdftexcmds
.sty
Package: pdftexcmds 2020-06-27 v0.33 Utility functions of pdfTeX for LuaTeX (HO
)
Package pdftexcmds Info: \pdf@primitive is available.
Package pdftexcmds Info: \pdf@ifprimitive is available.
Package pdftexcmds Info: \pdfdraftmode found.
))
(C:\Users\mspin\AppData\Local\Programs\MiKTeX\tex/latex/hycolor\hycolor.sty
Package: hycolor 2020-01-27 v1.10 Color options for hyperref/bookmark (HO)
)
(C:\Users\mspin\AppData\Local\Programs\MiKTeX\tex/latex/letltxmacro\letltxmacro
.sty
Package: letltxmacro 2019/12/03 v1.6 Let assignment for LaTeX macros (HO)
)
(C:\Users\mspin\AppData\Local\Programs\MiKTeX\tex/latex/auxhook\auxhook.sty
Package: auxhook 2019-12-17 v1.6 Hooks for auxiliary files (HO)
)
(C:\Users\mspin\AppData\Local\Programs\MiKTeX\tex/latex/hyperref\nameref.sty
Package: nameref 2023-11-26 v2.56 Cross-referencing by name of section

(C:\Users\mspin\AppData\Local\Programs\MiKTeX\tex/latex/refcount\refcount.sty
Package: refcount 2019/12/15 v3.6 Data extraction from label references (HO)
)
(C:\Users\mspin\AppData\Local\Programs\MiKTeX\tex/generic/gettitlestring\gettit
lestring.sty
Package: gettitlestring 2019/12/15 v1.6 Cleanup title references (HO)

(C:\Users\mspin\AppData\Local\Programs\MiKTeX\tex/latex/kvoptions\kvoptions.sty
Package: kvoptions 2022-06-15 v3.15 Key value format for package options (HO)
))
\c@section@level=\count274
)
(C:\Users\mspin\AppData\Local\Programs\MiKTeX\tex/latex/etoolbox\etoolbox.sty
Package: etoolbox 2020/10/05 v2.5k e-TeX tools for LaTeX (JAW)
\etb@tempcnta=\count275
)
\@linkdim=\dimen152
\Hy@linkcounter=\count276
\Hy@pagecounter=\count277

(C:\Users\mspin\AppData\Local\Programs\MiKTeX\tex/latex/hyperref\pd1enc.def
File: pd1enc.def 2023-11-26 v7.01g Hyperref: PDFDocEncoding definition (HO)
Now handling font encoding PD1 ...
... no UTF-8 mapping file for font encoding PD1
)
(C:\Users\mspin\AppData\Local\Programs\MiKTeX\tex/generic/intcalc\intcalc.sty
Package: intcalc 2019/12/15 v1.3 Expandable calculations with integers (HO)
)
\Hy@SavedSpaceFactor=\count278

(C:\Users\mspin\AppData\Local\Programs\MiKTeX\tex/latex/hyperref\puenc.def
File: puenc.def 2023-11-26 v7.01g Hyperref: PDF Unicode definition (HO)
Now handling font encoding PU ...
... no UTF-8 mapping file for font encoding PU
)
Package hyperref Info: Option `colorlinks' set `true' on input line 4064.
Package hyperref Info: Hyper figures OFF on input line 4181.
Package hyperref Info: Link nesting OFF on input line 4186.
Package hyperref Info: Hyper index ON on input line 4189.
Package hyperref Info: Plain pages OFF on input line 4196.
Package hyperref Info: Backreferencing OFF on input line 4201.
Package hyperref Info: Implicit mode ON; LaTeX internals redefined.
Package hyperref Info: Bookmarks ON on input line 4448.
\c@Hy@tempcnt=\count279

(C:\Users\mspin\AppData\Local\Programs\MiKTeX\tex/latex/url\url.sty
\Urlmuskip=\muskip17
Package: url 2013/09/16  ver 3.4  Verb mode for urls, etc.
)
LaTeX Info: Redefining \url on input line 4786.
\XeTeXLinkMargin=\dimen153

(C:\Users\mspin\AppData\Local\Programs\MiKTeX\tex/generic/bitset\bitset.sty
Package: bitset 2019/12/09 v1.3 Handle bit-vector datatype (HO)

(C:\Users\mspin\AppData\Local\Programs\MiKTeX\tex/generic/bigintcalc\bigintcalc
.sty
Package: bigintcalc 2019/12/15 v1.5 Expandable calculations on big integers (HO
)
))
\Fld@menulength=\count280
\Field@Width=\dimen154
\Fld@charsize=\dimen155
Package hyperref Info: Hyper figures OFF on input line 6065.
Package hyperref Info: Link nesting OFF on input line 6070.
Package hyperref Info: Hyper index ON on input line 6073.
Package hyperref Info: backreferencing OFF on input line 6080.
Package hyperref Info: Link coloring ON on input line 6083.
Package hyperref Info: Link coloring with OCG OFF on input line 6090.
Package hyperref Info: PDF/A mode OFF on input line 6095.

(C:\Users\mspin\AppData\Local\Programs\MiKTeX\tex/latex/base\atbegshi-ltx.sty
Package: atbegshi-ltx 2021/01/10 v1.0c Emulation of the original atbegshi
package with kernel methods
)
\Hy@abspage=\count281
\c@Item=\count282
\c@Hfootnote=\count283
)
Package hyperref Info: Driver (autodetected): hpdftex.
(C:\Users\mspin\AppData\Local\Programs\MiKTeX\tex/latex/hyperref\hpdftex.def
File: hpdftex.def 2023-11-26 v7.01g Hyperref driver for pdfTeX

(C:\Users\mspin\AppData\Local\Programs\MiKTeX\tex/latex/base\atveryend-ltx.sty
Package: atveryend-ltx 2020/08/19 v1.0a Emulation of the original atveryend pac
kage
with kernel methods
)
\Fld@listcount=\count284
\c@bookmark@seq@number=\count285

(C:\Users\mspin\AppData\Local\Programs\MiKTeX\tex/latex/rerunfilecheck\rerunfil
echeck.sty
Package: rerunfilecheck 2025-06-21 v1.11 Rerun checks for auxiliary files (HO)

(C:\Users\mspin\AppData\Local\Programs\MiKTeX\tex/generic/uniquecounter\uniquec
ounter.sty
Package: uniquecounter 2019/12/15 v1.4 Provide unlimited unique counter (HO)
)
Package uniquecounter Info: New unique counter `rerunfilecheck' on input line 2
84.
)
\Hy@SectionHShift=\skip56
)
(C:\Users\mspin\AppData\Local\Programs\MiKTeX\tex/latex/physics\physics.sty
Package: physics 

(C:\Users\mspin\AppData\Local\Programs\MiKTeX\tex/latex/l3packages/xparse\xpars
e.sty
(C:\Users\mspin\AppData\Local\Programs\MiKTeX\tex/latex/l3kernel\expl3.sty
Package: expl3 2024-01-04 L3 programming layer (loader) 

(C:\Users\mspin\AppData\Local\Programs\MiKTeX\tex/latex/l3backend\l3backend-pdf
tex.def
File: l3backend-pdftex.def 2024-01-04 L3 backend support: PDF output (pdfTeX)
\l__color_backend_stack_int=\count286
\l__pdf_internal_box=\box53
))
Package: xparse 2023-10-10 L3 Experimental document command parser
))
(C:\Users\mspin\AppData\Local\Programs\MiKTeX\tex/latex/caption\caption.sty
Package: caption 2023/08/05 v3.6o Customizing captions (AR)

(C:\Users\mspin\AppData\Local\Programs\MiKTeX\tex/latex/caption\caption3.sty
Package: caption3 2023/07/31 v2.4d caption3 kernel (AR)
\caption@tempdima=\dimen156
\captionmargin=\dimen157
\caption@leftmargin=\dimen158
\caption@rightmargin=\dimen159
\caption@width=\dimen160
\caption@indent=\dimen161
\caption@parindent=\dimen162
\caption@hangindent=\dimen163
Package caption Info: Standard document class detected.
)
\c@caption@flags=\count287
\c@continuedfloat=\count288
Package caption Info: hyperref package is loaded.
)
(C:\Users\mspin\AppData\Local\Programs\MiKTeX\tex/latex/caption\subcaption.sty
Package: subcaption 2023/07/28 v1.6b Sub-captions (AR)
Package caption Info: New subtype `subfigure' on input line 238.
\c@subfigure=\count289
Package caption Info: New subtype `subtable' on input line 238.
\c@subtable=\count290
) (C:\Users\mspin\AppData\Local\Programs\MiKTeX\tex/latex/float\float.sty
Package: float 2001/11/08 v1.3d Float enhancements (AL)
\c@float@type=\count291
\float@exts=\toks29
\float@box=\box54
\@float@everytoks=\toks30
\@floatcapt=\box55
)
(main.aux)
\openout1 = `main.aux'.

LaTeX Font Info:    Checking defaults for OML/cmm/m/it on input line 23.
LaTeX Font Info:    ... okay on input line 23.
LaTeX Font Info:    Checking defaults for OMS/cmsy/m/n on input line 23.
LaTeX Font Info:    ... okay on input line 23.
LaTeX Font Info:    Checking defaults for OT1/cmr/m/n on input line 23.
LaTeX Font Info:    ... okay on input line 23.
LaTeX Font Info:    Checking defaults for T1/cmr/m/n on input line 23.
LaTeX Font Info:    ... okay on input line 23.
LaTeX Font Info:    Checking defaults for TS1/cmr/m/n on input line 23.
LaTeX Font Info:    ... okay on input line 23.
LaTeX Font Info:    Checking defaults for OMX/cmex/m/n on input line 23.
LaTeX Font Info:    ... okay on input line 23.
LaTeX Font Info:    Checking defaults for U/cmr/m/n on input line 23.
LaTeX Font Info:    ... okay on input line 23.
LaTeX Font Info:    Checking defaults for PD1/pdf/m/n on input line 23.
LaTeX Font Info:    ... okay on input line 23.
LaTeX Font Info:    Checking defaults for PU/pdf/m/n on input line 23.
LaTeX Font Info:    ... okay on input line 23.

(C:\Users\mspin\AppData\Local\Programs\MiKTeX\tex/context/base/mkii\supp-pdf.mk
ii
[Loading MPS to PDF converter (version 2006.09.02).]
\scratchcounter=\count292
\scratchdimen=\dimen164
\scratchbox=\box56
\nofMPsegments=\count293
\nofMParguments=\count294
\everyMPshowfont=\toks31
\MPscratchCnt=\count295
\MPscratchDim=\dimen165
\MPnumerator=\count296
\makeMPintoPDFobject=\count297
\everyMPtoPDFconversion=\toks32
)
(C:\Users\mspin\AppData\Local\Programs\MiKTeX\tex/latex/epstopdf-pkg\epstopdf-b
ase.sty
Package: epstopdf-base 2020-01-24 v2.11 Base part for package epstopdf
Package epstopdf-base Info: Redefining graphics rule for `.eps' on input line 4
85.

(C:\Users\mspin\AppData\Local\Programs\MiKTeX\tex/latex/00miktex\epstopdf-sys.c
fg
File: epstopdf-sys.cfg 2021/03/18 v2.0 Configuration of epstopdf for MiKTeX
)) (C:\Users\mspin\AppData\Local\Programs\MiKTeX\tex/latex/graphics\color.sty
Package: color 2022/01/06 v1.3d Standard LaTeX Color (DPC)
(C:\Users\mspin\AppData\Local\Programs\MiKTeX\tex/latex/graphics-cfg\color.cfg
File: color.cfg 2016/01/02 v1.6 sample color configuration
)
Package color Info: Driver file: pdftex.def on input line 149.
(C:\Users\mspin\AppData\Local\Programs\MiKTeX\tex/latex/graphics\mathcolor.ltx)
)
Package hyperref Info: Link coloring ON on input line 23.
 (main.out) (main.out)
\@outlinefile=\write3
\openout3 = `main.out'.

Package caption Info: Begin \AtBeginDocument code.
Package caption Info: float package is loaded.
Package caption Info: End \AtBeginDocument code.
LaTeX Font Info:    Trying to load font information for U+msa on input line 25.


(C:\Users\mspin\AppData\Local\Programs\MiKTeX\tex/latex/amsfonts\umsa.fd
File: umsa.fd 2013/01/14 v3.01 AMS symbols A
)
LaTeX Font Info:    Trying to load font information for U+msb on input line 25.


(C:\Users\mspin\AppData\Local\Programs\MiKTeX\tex/latex/amsfonts\umsb.fd
File: umsb.fd 2013/01/14 v3.01 AMS symbols B
)
[1

{C:/Users/mspin/AppData/Local/MiKTeX/fonts/map/pdftex/pdftex.map}]
Overfull \hbox (28.54301pt too wide) in paragraph at lines 99--100
\OT1/cmr/m/n/10.95 non-local leaf-wise ac-tion, (ii) per-tur-ba-tive spec-tral 
sta-bil-ity of ten-sor/vector/scalar
 []

[2] [3]
Overfull \hbox (27.32321pt too wide) in paragraph at lines 210--229
\OT1/cmtt/m/n/10.95 Study / scripts / 15 _ eft _ validity _ scales _ proxy . wl
$\OT1/cmr/m/n/10.95 , in-clud-ing ki-netic/gradient
 []

[4] [5] [6] [7] [8]
<plot_1_minkowski_sensitivity.png, id=213, 722.7pt x 505.89pt>
File: plot_1_minkowski_sensitivity.png Graphic file (type png)
<use plot_1_minkowski_sensitivity.png>
Package pdftex.def Info: plot_1_minkowski_sensitivity.png  used on input line 4
46.
(pdftex.def)             Requested size: 277.20154pt x 194.03877pt.
<plot_2_velocity_dependence.png, id=215, 722.7pt x 505.89pt>
File: plot_2_velocity_dependence.png Graphic file (type png)
<use plot_2_velocity_dependence.png>
Package pdftex.def Info: plot_2_velocity_dependence.png  used on input line 459
.
(pdftex.def)             Requested size: 277.20154pt x 194.03877pt.
 [9 <./plot_1_minkowski_sensitivity.png>]
<plot_4_convergence_analysis.png, id=225, 722.7pt x 505.89pt>
File: plot_4_convergence_analysis.png Graphic file (type png)
<use plot_4_convergence_analysis.png>
Package pdftex.def Info: plot_4_convergence_analysis.png  used on input line 48
3.
(pdftex.def)             Requested size: 277.20154pt x 194.03877pt.
 [10 <./plot_2_velocity_dependence.png>] [11 <./plot_4_convergence_analysis.png
>]
<plot_3_hybrid_transition.png, id=243, 722.7pt x 505.89pt>
File: plot_3_hybrid_transition.png Graphic file (type png)
<use plot_3_hybrid_transition.png>
Package pdftex.def Info: plot_3_hybrid_transition.png  used on input line 530.
(pdftex.def)             Requested size: 277.20154pt x 194.03877pt.
 [12 <./plot_3_hybrid_transition.png>] [13] [14]
Overfull \hbox (15.3098pt too wide) in paragraph at lines 687--693
\OT1/cmr/m/n/10.95 cluded through the gauge-fixing shifts used in $\OT1/cmtt/m/
n/10.95 Paper / Perturbative _ Spectrum _
 []


Overfull \hbox (17.03108pt too wide) in paragraph at lines 687--693
\OT1/cmtt/m/n/10.95 Study / scripts / 14 _ full4d _ covariant _ gauge _ fixed _
 coefficients . wl$\OT1/cmr/m/n/10.95 . The
 []


Overfull \hbox (6.27663pt too wide) in paragraph at lines 707--714
\OT1/cmr/m/n/10.95 pos-i-tiv-ity checks on tested sam-ples are im-ple-mented in
 $\OT1/cmtt/m/n/10.95 Paper / Perturbative _
 []


Overfull \hbox (16.49367pt too wide) in paragraph at lines 707--714
\OT1/cmtt/m/n/10.95 Spectrum _ Study / scripts / 13 _ full _ spectrum _ dispers
ion _ residues . wl$ \OT1/cmr/m/n/10.95 and
 []


Overfull \hbox (7.91602pt too wide) in paragraph at lines 707--714
\OT1/cmtt/m/n/10.95 Paper / Perturbative _ Spectrum _ Study / scripts / 09 _ ve
ctor _ sector _ full _
 []


Overfull \hbox (1.68146pt too wide) in paragraph at lines 717--719
\OT1/cmr/m/n/10.95 The EFT di-ag-nos-tics are de-fined in $\OT1/cmtt/m/n/10.95 
Paper / Perturbative _ Spectrum _ Study /
 []

[15]
Overfull \hbox (16.34232pt too wide) in paragraph at lines 739--747
\OT1/cmr/m/n/10.95 A ded-i-cated FRW barotropic con-sis-tency test is in-cluded
 in $\OT1/cmtt/m/n/10.95 Paper / Barotropic _
 []


Overfull \hbox (19.41339pt too wide) in paragraph at lines 739--747
\OT1/cmtt/m/n/10.95 Cosmology _ Study / scripts / 00 _ barotropic _ hard _ cons
traint _ consistency .
 []


Overfull \hbox (42.9804pt too wide) in paragraph at lines 759--763
\OT1/cmr/m/n/10.95 (scripts \OT1/cmtt/m/n/10.95 00..15\OT1/cmr/m/n/10.95 , logs
, note-book ex-ports). This block cov-ers ten-sor/vector/scalar
 []


Overfull \hbox (21.14369pt too wide) in paragraph at lines 763--766
[]\OT1/cmr/bx/n/10.95 Barotropic con-sis-tency check\OT1/cmr/m/n/10.95 : $\OT1/
cmtt/m/n/10.95 Paper / Barotropic _ Cosmology _ Study/$
 []


Overfull \hbox (6.57977pt too wide) in paragraph at lines 774--778
[]\OT1/cmr/m/n/10.95 Covariant 4D vari-a-tion and bulk+boundary split: $\OT1/cm
tt/m/n/10.95 Paper / Variational _
 []


Overfull \hbox (3.84062pt too wide) in paragraph at lines 774--778
\OT1/cmtt/m/n/10.95 Derivation / scripts / 23 _ covariant _ causal _ domain _ v
ariation . wl$\OT1/cmr/m/n/10.95 ,
 []


Overfull \hbox (6.54764pt too wide) in paragraph at lines 774--778
\OT1/cmtt/m/n/10.95 Paper / Variational _ Derivation / scripts / 24 _ covariant
 _ boundary _
 []


Overfull \hbox (12.26598pt too wide) in paragraph at lines 774--778
\OT1/cmtt/m/n/10.95 shape _ derivative . wl$\OT1/cmr/m/n/10.95 , $\OT1/cmtt/m/n
/10.95 Paper / Variational _ Derivation / scripts / 25 _
 []

[16]
Overfull \hbox (19.6593pt too wide) in paragraph at lines 778--781
[]\OT1/cmr/m/n/10.95 Finite-domain ra-tio/constraint checks: $\OT1/cmtt/m/n/10.
95 Paper / Variational _ Derivation /
 []


Overfull \hbox (23.76335pt too wide) in paragraph at lines 778--781
\OT1/cmtt/m/n/10.95 scripts / 12 _ finite _ domain _ ratio _ variation . wl$\OT
1/cmr/m/n/10.95 , $\OT1/cmtt/m/n/10.95 Paper / Variational _
 []


Overfull \hbox (3.84062pt too wide) in paragraph at lines 778--781
\OT1/cmtt/m/n/10.95 Derivation / scripts / 14 _ constraint _ finite _ domain _ 
boundary . wl$\OT1/cmr/m/n/10.95 . 
 []


Overfull \hbox (44.05307pt too wide) in paragraph at lines 781--788
[]\OT1/cmr/m/n/10.95 FRW con-straint prop-a-ga-tion and min-isu-per-space clo-s
ure: $\OT1/cmtt/m/n/10.95 Paper / Variational _
 []


Overfull \hbox (46.7581pt too wide) in paragraph at lines 781--788
\OT1/cmtt/m/n/10.95 Derivation / scripts / 16 _ frw _ minisuperspace _ eom . wl
$\OT1/cmr/m/n/10.95 , $\OT1/cmtt/m/n/10.95 Paper / Variational _
 []


Overfull \hbox (3.84062pt too wide) in paragraph at lines 781--788
\OT1/cmtt/m/n/10.95 Derivation / scripts / 17 _ frw _ linearized _ constraint _
 channel . wl$\OT1/cmr/m/n/10.95 ,
 []


Overfull \hbox (12.29633pt too wide) in paragraph at lines 781--788
\OT1/cmtt/m/n/10.95 Paper / Variational _ Derivation / scripts / 18 _ desitter 
_ constraint _
 []


Overfull \hbox (6.51729pt too wide) in paragraph at lines 781--788
\OT1/cmtt/m/n/10.95 propagation . wl$\OT1/cmr/m/n/10.95 , $\OT1/cmtt/m/n/10.95 
Paper / Variational _ Derivation / scripts / 19 _ frw _
 []


Overfull \hbox (23.76335pt too wide) in paragraph at lines 781--788
\OT1/cmtt/m/n/10.95 linearized _ full _ eom _ reduction . wl$\OT1/cmr/m/n/10.95
 , $\OT1/cmtt/m/n/10.95 Paper / Variational _ Derivation /
 []


Overfull \hbox (12.26598pt too wide) in paragraph at lines 781--788
\OT1/cmtt/m/n/10.95 scripts / 20 _ minisuperspace _ noether _ bianchi _ identit
y . wl$\OT1/cmr/m/n/10.95 , $\OT1/cmtt/m/n/10.95 Paper /
 []


Overfull \hbox (41.03976pt too wide) in paragraph at lines 781--788
\OT1/cmtt/m/n/10.95 Variational _ Derivation / scripts / 22 _ frw _ curvature _
 noether _ identity .
 []


Overfull \hbox (23.7937pt too wide) in paragraph at lines 788--790
\OT1/cmtt/m/n/10.95 Paper / Perturbative _ Spectrum _ Study / scripts / 10 _ fi
rst _ principles _
 []


Overfull \hbox (0.79895pt too wide) in paragraph at lines 790--792
\OT1/cmtt/m/n/10.95 Spectrum _ Study / scripts / 12 _ full4d _ spin _ projector
 _ inversion .
 []


Overfull \hbox (12.3904pt too wide) in paragraph at lines 792--795
[]\OT1/cmr/m/n/10.95 Full ten-sor/vector/scalar dis-per-sion and residues: $\OT
1/cmtt/m/n/10.95 Paper / Perturbative _
 []


Overfull \hbox (12.29633pt too wide) in paragraph at lines 792--795
\OT1/cmtt/m/n/10.95 Spectrum _ Study / scripts / 13 _ full _ spectrum _ dispers
ion _ residues .
 []


Overfull \hbox (23.76335pt too wide) in paragraph at lines 792--795
\OT1/cmtt/m/n/10.95 wl$\OT1/cmr/m/n/10.95 , $\OT1/cmtt/m/n/10.95 Paper / Pertur
bative _ Spectrum _ Study / scripts / 09 _ vector _ sector _
 []


Overfull \hbox (18.58113pt too wide) in paragraph at lines 795--797
[]\OT1/cmr/m/n/10.95 Gauge-fixed co-ef-fi-cient as-sem-bly (op-er-a-tional/para
metric clo-sure): $\OT1/cmtt/m/n/10.95 Paper /
 []


Overfull \hbox (23.7937pt too wide) in paragraph at lines 795--797
\OT1/cmtt/m/n/10.95 Perturbative _ Spectrum _ Study / scripts / 14 _ full4d _ c
ovariant _ gauge _
 []


Overfull \hbox (9.1951pt too wide) in paragraph at lines 797--799
\OT1/cmr/m/n/10.95 tional tested cut-off): $\OT1/cmtt/m/n/10.95 Paper / Perturb
ative _ Spectrum _ Study / scripts /
 []


Overfull \hbox (11.96399pt too wide) in paragraph at lines 799--801
[]\OT1/cmr/m/n/10.95 Barotropic hard-constraint cross-check: $\OT1/cmtt/m/n/10.
95 Paper / Barotropic _ Cosmology _
 []


Overfull \hbox (3.84062pt too wide) in paragraph at lines 799--801
\OT1/cmtt/m/n/10.95 Study / scripts / 00 _ barotropic _ hard _ constraint _ con
sistency . wl$\OT1/cmr/m/n/10.95 . 
 []

[17]
Overfull \hbox (13.02998pt too wide) in paragraph at lines 864--870
 []\OT1/cmr/bx/n/10.95 Variational/perturbative com-pu-ta-tional scope.[] \OT1/
cmr/m/n/10.95 The ex-tended pipelines
 []


Overfull \hbox (22.48569pt too wide) in paragraph at lines 864--870
\OT1/cmr/m/n/10.95 in $\OT1/cmtt/m/n/10.95 Paper / Variational _ Derivation/$\O
T1/cmr/m/n/10.95 , $\OT1/cmtt/m/n/10.95 Paper / Perturbative _ Spectrum _ Study
/$\OT1/cmr/m/n/10.95 ,
 []


Overfull \hbox (16.34358pt too wide) in paragraph at lines 864--870
\OT1/cmr/m/n/10.95 and $\OT1/cmtt/m/n/10.95 Paper / Barotropic _ Cosmology _ St
udy/$ \OT1/cmr/m/n/10.95 are re-pro-ducible sym-bolic/numeric
 []

[18] (main.bbl [19]) [20] (main.aux)
 ***********
LaTeX2e <2023-11-01> patch level 1
L3 programming layer <2024-01-04>
 ***********
Package rerunfilecheck Info: File `main.out' has not changed.
(rerunfilecheck)             Checksum: 8A0749B393A57687C089746AD0530599;5823.
 ) 
Here is how much of TeX's memory you used:
 12168 strings out of 474486
 190847 string characters out of 5743755
 1938542 words of memory out of 5000000
 34169 multiletter control sequences out of 15000+600000
 571058 words of font info for 86 fonts, out of 8000000 for 9000
 1141 hyphenation exceptions out of 8191
 79i,12n,93p,638b,554s stack positions out of 10000i,1000n,20000p,200000b,200000s
 <C:\Users\mspin\AppData\Local\MiKTeX\fonts/pk/ljfour/jknappen/ec/dpi600\tcrm
1095.pk><C:/Users/mspin/AppData/Local/Programs/MiKTeX/fonts/type1/public/amsfon
ts/cm/cmbx10.pfb><C:/Users/mspin/AppData/Local/Programs/MiKTeX/fonts/type1/publ
ic/amsfonts/cm/cmbx12.pfb><C:/Users/mspin/AppData/Local/Programs/MiKTeX/fonts/t
ype1/public/amsfonts/cm/cmex10.pfb><C:/Users/mspin/AppData/Local/Programs/MiKTe
X/fonts/type1/public/amsfonts/cm/cmmi10.pfb><C:/Users/mspin/AppData/Local/Progr
ams/MiKTeX/fonts/type1/public/amsfonts/cm/cmmi8.pfb><C:/Users/mspin/AppData/Loc
al/Programs/MiKTeX/fonts/type1/public/amsfonts/cm/cmr10.pfb><C:/Users/mspin/App
Data/Local/Programs/MiKTeX/fonts/type1/public/amsfonts/cm/cmr12.pfb><C:/Users/m
spin/AppData/Local/Programs/MiKTeX/fonts/type1/public/amsfonts/cm/cmr17.pfb><C:
/Users/mspin/AppData/Local/Programs/MiKTeX/fonts/type1/public/amsfonts/cm/cmr6.
pfb><C:/Users/mspin/AppData/Local/Programs/MiKTeX/fonts/type1/public/amsfonts/c
m/cmr7.pfb><C:/Users/mspin/AppData/Local/Programs/MiKTeX/fonts/type1/public/ams
fonts/cm/cmr8.pfb><C:/Users/mspin/AppData/Local/Programs/MiKTeX/fonts/type1/pub
lic/amsfonts/cm/cmr9.pfb><C:/Users/mspin/AppData/Local/Programs/MiKTeX/fonts/ty
pe1/public/amsfonts/cm/cmsy10.pfb><C:/Users/mspin/AppData/Local/Programs/MiKTeX
/fonts/type1/public/amsfonts/cm/cmsy6.pfb><C:/Users/mspin/AppData/Local/Program
s/MiKTeX/fonts/type1/public/amsfonts/cm/cmsy7.pfb><C:/Users/mspin/AppData/Local
/Programs/MiKTeX/fonts/type1/public/amsfonts/cm/cmsy8.pfb><C:/Users/mspin/AppDa
ta/Local/Programs/MiKTeX/fonts/type1/public/amsfonts/cm/cmti10.pfb><C:/Users/ms
pin/AppData/Local/Programs/MiKTeX/fonts/type1/public/amsfonts/cm/cmti8.pfb><C:/
Users/mspin/AppData/Local/Programs/MiKTeX/fonts/type1/public/amsfonts/cm/cmtt10
.pfb><C:/Users/mspin/AppData/Local/Programs/MiKTeX/fonts/type1/public/amsfonts/
cm/cmtt12.pfb><C:/Users/mspin/AppData/Local/Programs/MiKTeX/fonts/type1/public/
amsfonts/symbols/msbm10.pfb>
Output written on main.pdf (20 pages, 1172932 bytes).
PDF statistics:
 461 PDF objects out of 1000 (max. 8388607)
 132 named destinations out of 1000 (max. 500000)
 245 words of extra memory for PDF output out of 10000 (max. 10000000)

